coupon_backend  | [dotenv@17.3.1] injecting env (0) from .env -- tip: ≡ƒ¢á∩╕ן  run anywhere with `dotenvx run -- yourcommand`
coupon_backend  | Loaded Prisma config from prisma.config.js.
coupon_backend  | 
coupon_backend  | Prisma schema loaded from prisma/schema.prisma.
coupon_backend  | 
coupon_backend  | Γ£פ Generated Prisma Client (v7.4.2) to ./node_modules/@prisma/client in 81ms
coupon_backend  | 
coupon_backend  | Start by importing your Prisma Client (See: https://pris.ly/d/importing-client)
coupon_backend  | 
coupon_backend  | 
coupon_backend  | [dotenv@17.3.1] injecting env (0) from .env -- tip: Γתש∩╕ן  enable debug logging with { debug: true }
coupon_backend  | Loaded Prisma config from prisma.config.js.
coupon_backend  | 
coupon_backend  | Prisma schema loaded from prisma/schema.prisma.
coupon_backend  | Datasource "db": MySQL database "coupon_db" at "db:3306"
coupon_backend  | 
coupon_backend  | The database is already in sync with the Prisma schema.
coupon_backend  | 
coupon_backend  | [dotenv@17.3.1] injecting env (0) from .env -- tip: Γתí∩╕ן secrets for agents: https://dotenvx.com/as2
coupon_backend  | /app/node_modules/@prisma/client/runtime/client.js:66
coupon_backend  | Read more at https://pris.ly/d/client-constructor`),this.name="PrismaClientConstructorValidationError"}get[Symbol.toStringTag](){return"PrismaClientConstructorValidationError"}};ft(R,"PrismaClientConstructorValidationError");var _l=["errorFormat","adapter","accelerateUrl","log","transactionOptions","omit","comments","__internal"],Ll=["pretty","colorless","minimal"],$l=["info","query","warn","error"],Am={adapter:()=>{},accelerateUrl:e=>{if(e!==void 0){if(typeof e!="string")throw new R(`Invalid value ${JSON.stringify(e)} for "accelerateUrl" provided to PrismaClient constructor.`);if(e.trim().length===0)throw new R('"accelerateUrl" provided to PrismaClient constructor must be a non-empty string.')}},errorFormat:e=>{if(e){if(typeof e!="string")throw new R(`Invalid value ${JSON.stringify(e)} for "errorFormat" provided to PrismaClient constructor.`);if(!Ll.includes(e)){let t=Ut(e,Ll);throw new R(`Invalid errorFormat ${e} provided to PrismaClient constructor.${t}`)}}},log:e=>{if(!e)return;if(!Array.isArray(e))throw new R(`Invalid value ${JSON.stringify(e)} for "log" provided to PrismaClient constructor.`);function t(r){if(typeof r=="string"&&!$l.includes(r)){let n=Ut(r,$l);throw new R(`Invalid log level "${r}" provided to PrismaClient constructor.${n}`)}}for(let r of e){t(r);let n={level:t,emit:i=>{let o=["stdout","event"];if(!o.includes(i)){let s=Ut(i,o);throw new R(`Invalid value ${JSON.stringify(i)} for "emit" in logLevel provided to PrismaClient constructor.${s}`)}}};if(r&&typeof r=="object")for(let[i,o]of Object.entries(r))if(n[i])n[i](o);else throw new R(`Invalid property ${i} for "log" provided to PrismaClient constructor`)}},transactionOptions:e=>{if(!e)return;let t=e.maxWait;if(t!=null&&t<=0)throw new R(`Invalid value ${t} for maxWait in "transactionOptions" provided to PrismaClient constructor. maxWait needs to be greater than 0`);let r=e.timeout;if(r!=null&&r<=0)throw new R(`Invalid value ${r} for timeout in "transactionOptions" provided to PrismaClient constructor. timeout needs to be greater than 0`)},omit:(e,t)=>{if(typeof e!="object")throw new R('"omit" option is expected to be an object.');if(e===null)throw new R('"omit" option can not be `null`');let r=[];for(let[n,i]of Object.entries(e)){let o=Rm(n,t.runtimeDataModel);if(!o){r.push({kind:"UnknownModel",modelKey:n});continue}for(let[s,a]of Object.entries(i)){let l=o.fields.find(u=>u.name===s);if(!l){r.push({kind:"UnknownField",modelKey:n,fieldName:s});continue}if(l.relationName){r.push({kind:"RelationInOmit",modelKey:n,fieldName:s});continue}typeof a!="boolean"&&r.push({kind:"InvalidFieldValue",modelKey:n,fieldName:s})}}if(r.length>0)throw new R(km(e,r))},comments:e=>{if(e!==void 0){if(!Array.isArray(e))throw new R(`Invalid value ${JSON.stringify(e)} for "comments" provided to PrismaClient constructor. Expected an array of SQL commenter plugins.`);for(let t=0;t<e.length;t++)if(typeof e[t]!="function")throw new R(`Invalid value at index ${t} for "comments" provided to PrismaClient constructor. Each plugin must be a function.`)}},__internal:e=>{if(!e)return;let t=["debug","engine","configOverride"];if(typeof e!="object")throw new R(`Invalid value ${JSON.stringify(e)} for "__internal" to PrismaClient constructor`);for(let[r]of Object.entries(e))if(!t.includes(r)){let n=Ut(r,t);throw new R(`Invalid property ${JSON.stringify(r)} for "__internal" provided to PrismaClient constructor.${n}`)}}};function vm(e){let t=e.adapter!==void 0,r=e.accelerateUrl!==void 0;if(t&&r)throw new R('The "adapter" and "accelerateUrl" options are mutually exclusive. Please provide only one of them.');if(!t&&!r)throw new R('Using engine type "client" requires either "adapter" or "accelerateUrl" to be provided to PrismaClient constructor.')}function jl(e,t){for(let[r,n]of Object.entries(e)){if(!_l.includes(r)){let i=Ut(r,_l);throw new R(`Unknown property ${r} provided to PrismaClient constructor.${i}`)}Am[r](n,t)}vm(e)}function Ut(e,t){if(t.length===0||typeof e!="string")return"";let r=Cm(e,t);return r?` Did you mean "${r}"?`:""}function Cm(e,t){if(t.length===0)return null;let r=t.map(i=>({value:i,distance:(0,ql.default)(e,i)}));r.sort((i,o)=>i.distance<o.distance?-1:1);let n=r[0];return n.distance<3?n.value:null}function Rm(e,t){return Vl(t.models,e)??Vl(t.types,e)}function Vl(e,t){let r=Object.keys(e).find(n=>ce(n)===t);if(r)return e[r]}function km(e,t){let r=Ue(e);for(let o of t)switch(o.kind){case"UnknownModel":r.arguments.getField(o.modelKey)?.markAsError(),r.addErrorMessage(()=>`Unknown model name: ${o.modelKey}.`);break;case"UnknownField":r.arguments.getDeepField([o.modelKey,o.fieldName])?.markAsError(),r.addErrorMessage(()=>`Model "${o.modelKey}" does not have a field named "${o.fieldName}".`);break;case"RelationInOmit":r.arguments.getDeepField([o.modelKey,o.fieldName])?.markAsError(),r.addErrorMessage(()=>'Relations are already excluded by default and can not be specified in "omit".');break;case"InvalidFieldValue":r.arguments.getDeepFieldValue([o.modelKey,o.fieldName])?.markAsError(),r.addErrorMessage(()=>"Omit field option value must be a boolean.");break}let{message:n,args:i}=ar(r,"colorless");return`Error validating "omit" option:
coupon_backend  |                                                                                                                                                                                                                                                                                                                                                                                                                                                                                                                                                                                                                                                                                                                                                                                                                                                                                                                                                                                                                                                             
coupon_backend  | 
coupon_backend  | PrismaClientConstructorValidationError: Unknown property loadedFromFile provided to PrismaClient constructor.
coupon_backend  | Read more at https://pris.ly/d/client-constructor
coupon_backend  |     at jl (/app/node_modules/@prisma/client/runtime/client.js:66:3832)
coupon_backend  |     at new t (/app/node_modules/@prisma/client/runtime/client.js:70:1241)
coupon_backend  |     at Object.<anonymous> (/app/dist/db.js:9:16)
coupon_backend  |     at Module._compile (node:internal/modules/cjs/loader:1521:14)
coupon_backend  |     at Module._extensions..js (node:internal/modules/cjs/loader:1623:10)
coupon_backend  |     at Module.load (node:internal/modules/cjs/loader:1266:32)
coupon_backend  |     at Module._load (node:internal/modules/cjs/loader:1091:12)
coupon_backend  |     at Module.require (node:internal/modules/cjs/loader:1289:19)
coupon_backend  |     at require (node:internal/modules/helpers:182:18)
coupon_backend  |     at Object.<anonymous> (/app/dist/controllers/productController.js:7:30)
coupon_backend  | 
coupon_backend  | Node.js v20.20.1
coupon_backend  | [dotenv@17.3.1] injecting env (0) from .env -- tip: ≡ƒ¢í∩╕ן auth for agents: https://vestauth.com
coupon_backend  | Loaded Prisma config from prisma.config.js.
coupon_backend  | 
coupon_backend  | Prisma schema loaded from prisma/schema.prisma.
coupon_backend  | 
coupon_backend  | Γ£פ Generated Prisma Client (v7.4.2) to ./node_modules/@prisma/client in 52ms
coupon_backend  | 
coupon_backend  | Start by importing your Prisma Client (See: https://pris.ly/d/importing-client)
coupon_backend  | 
coupon_backend  | 
coupon_backend  | [dotenv@17.3.1] injecting env (0) from .env -- tip: ≡ƒפנ prevent building .env in docker: https://dotenvx.com/prebuild
coupon_backend  | Loaded Prisma config from prisma.config.js.
coupon_backend  | 
coupon_backend  | Prisma schema loaded from prisma/schema.prisma.
coupon_backend  | Datasource "db": MySQL database "coupon_db" at "db:3306"
coupon_backend  | 
coupon_backend  | The database is already in sync with the Prisma schema.
coupon_backend  | 
coupon_backend  | [dotenv@17.3.1] injecting env (0) from .env -- tip: Γתש∩╕ן  enable debug logging with { debug: true }
coupon_backend  | /app/node_modules/@prisma/client/runtime/client.js:66
coupon_backend  | Read more at https://pris.ly/d/client-constructor`),this.name="PrismaClientConstructorValidationError"}get[Symbol.toStringTag](){return"PrismaClientConstructorValidationError"}};ft(R,"PrismaClientConstructorValidationError");var _l=["errorFormat","adapter","accelerateUrl","log","transactionOptions","omit","comments","__internal"],Ll=["pretty","colorless","minimal"],$l=["info","query","warn","error"],Am={adapter:()=>{},accelerateUrl:e=>{if(e!==void 0){if(typeof e!="string")throw new R(`Invalid value ${JSON.stringify(e)} for "accelerateUrl" provided to PrismaClient constructor.`);if(e.trim().length===0)throw new R('"accelerateUrl" provided to PrismaClient constructor must be a non-empty string.')}},errorFormat:e=>{if(e){if(typeof e!="string")throw new R(`Invalid value ${JSON.stringify(e)} for "errorFormat" provided to PrismaClient constructor.`);if(!Ll.includes(e)){let t=Ut(e,Ll);throw new R(`Invalid errorFormat ${e} provided to PrismaClient constructor.${t}`)}}},log:e=>{if(!e)return;if(!Array.isArray(e))throw new R(`Invalid value ${JSON.stringify(e)} for "log" provided to PrismaClient constructor.`);function t(r){if(typeof r=="string"&&!$l.includes(r)){let n=Ut(r,$l);throw new R(`Invalid log level "${r}" provided to PrismaClient constructor.${n}`)}}for(let r of e){t(r);let n={level:t,emit:i=>{let o=["stdout","event"];if(!o.includes(i)){let s=Ut(i,o);throw new R(`Invalid value ${JSON.stringify(i)} for "emit" in logLevel provided to PrismaClient constructor.${s}`)}}};if(r&&typeof r=="object")for(let[i,o]of Object.entries(r))if(n[i])n[i](o);else throw new R(`Invalid property ${i} for "log" provided to PrismaClient constructor`)}},transactionOptions:e=>{if(!e)return;let t=e.maxWait;if(t!=null&&t<=0)throw new R(`Invalid value ${t} for maxWait in "transactionOptions" provided to PrismaClient constructor. maxWait needs to be greater than 0`);let r=e.timeout;if(r!=null&&r<=0)throw new R(`Invalid value ${r} for timeout in "transactionOptions" provided to PrismaClient constructor. timeout needs to be greater than 0`)},omit:(e,t)=>{if(typeof e!="object")throw new R('"omit" option is expected to be an object.');if(e===null)throw new R('"omit" option can not be `null`');let r=[];for(let[n,i]of Object.entries(e)){let o=Rm(n,t.runtimeDataModel);if(!o){r.push({kind:"UnknownModel",modelKey:n});continue}for(let[s,a]of Object.entries(i)){let l=o.fields.find(u=>u.name===s);if(!l){r.push({kind:"UnknownField",modelKey:n,fieldName:s});continue}if(l.relationName){r.push({kind:"RelationInOmit",modelKey:n,fieldName:s});continue}typeof a!="boolean"&&r.push({kind:"InvalidFieldValue",modelKey:n,fieldName:s})}}if(r.length>0)throw new R(km(e,r))},comments:e=>{if(e!==void 0){if(!Array.isArray(e))throw new R(`Invalid value ${JSON.stringify(e)} for "comments" provided to PrismaClient constructor. Expected an array of SQL commenter plugins.`);for(let t=0;t<e.length;t++)if(typeof e[t]!="function")throw new R(`Invalid value at index ${t} for "comments" provided to PrismaClient constructor. Each plugin must be a function.`)}},__internal:e=>{if(!e)return;let t=["debug","engine","configOverride"];if(typeof e!="object")throw new R(`Invalid value ${JSON.stringify(e)} for "__internal" to PrismaClient constructor`);for(let[r]of Object.entries(e))if(!t.includes(r)){let n=Ut(r,t);throw new R(`Invalid property ${JSON.stringify(r)} for "__internal" provided to PrismaClient constructor.${n}`)}}};function vm(e){let t=e.adapter!==void 0,r=e.accelerateUrl!==void 0;if(t&&r)throw new R('The "adapter" and "accelerateUrl" options are mutually exclusive. Please provide only one of them.');if(!t&&!r)throw new R('Using engine type "client" requires either "adapter" or "accelerateUrl" to be provided to PrismaClient constructor.')}function jl(e,t){for(let[r,n]of Object.entries(e)){if(!_l.includes(r)){let i=Ut(r,_l);throw new R(`Unknown property ${r} provided to PrismaClient constructor.${i}`)}Am[r](n,t)}vm(e)}function Ut(e,t){if(t.length===0||typeof e!="string")return"";let r=Cm(e,t);return r?` Did you mean "${r}"?`:""}function Cm(e,t){if(t.length===0)return null;let r=t.map(i=>({value:i,distance:(0,ql.default)(e,i)}));r.sort((i,o)=>i.distance<o.distance?-1:1);let n=r[0];return n.distance<3?n.value:null}function Rm(e,t){return Vl(t.models,e)??Vl(t.types,e)}function Vl(e,t){let r=Object.keys(e).find(n=>ce(n)===t);if(r)return e[r]}function km(e,t){let r=Ue(e);for(let o of t)switch(o.kind){case"UnknownModel":r.arguments.getField(o.modelKey)?.markAsError(),r.addErrorMessage(()=>`Unknown model name: ${o.modelKey}.`);break;case"UnknownField":r.arguments.getDeepField([o.modelKey,o.fieldName])?.markAsError(),r.addErrorMessage(()=>`Model "${o.modelKey}" does not have a field named "${o.fieldName}".`);break;case"RelationInOmit":r.arguments.getDeepField([o.modelKey,o.fieldName])?.markAsError(),r.addErrorMessage(()=>'Relations are already excluded by default and can not be specified in "omit".');break;case"InvalidFieldValue":r.arguments.getDeepFieldValue([o.modelKey,o.fieldName])?.markAsError(),r.addErrorMessage(()=>"Omit field option value must be a boolean.");break}let{message:n,args:i}=ar(r,"colorless");return`Error validating "omit" option:
coupon_backend  |                                                                                                                                                                                                                                                                                                                                                                                                                                                                                                                                                                                                                                                                                                                                                                                                                                                                                                                                                                                                                                                             
coupon_backend  | 
coupon_backend  | PrismaClientConstructorValidationError: Unknown property loadedFromFile provided to PrismaClient constructor.
coupon_backend  | Read more at https://pris.ly/d/client-constructor
coupon_backend  |     at jl (/app/node_modules/@prisma/client/runtime/client.js:66:3832)
coupon_backend  |     at new t (/app/node_modules/@prisma/client/runtime/client.js:70:1241)
coupon_backend  |     at Object.<anonymous> (/app/dist/db.js:9:16)
coupon_backend  |     at Module._compile (node:internal/modules/cjs/loader:1521:14)
coupon_backend  |     at Module._extensions..js (node:internal/modules/cjs/loader:1623:10)
coupon_backend  |     at Module.load (node:internal/modules/cjs/loader:1266:32)
coupon_backend  |     at Module._load (node:internal/modules/cjs/loader:1091:12)
coupon_backend  |     at Module.require (node:internal/modules/cjs/loader:1289:19)
coupon_backend  |     at require (node:internal/modules/helpers:182:18)
coupon_backend  |     at Object.<anonymous> (/app/dist/controllers/productController.js:7:30)
coupon_backend  | 
coupon_backend  | Node.js v20.20.1
coupon_backend  | [dotenv@17.3.1] injecting env (0) from .env -- tip: ≡ƒפנ prevent building .env in docker: https://dotenvx.com/prebuild
coupon_backend  | Loaded Prisma config from prisma.config.js.
coupon_backend  | 
coupon_backend  | Prisma schema loaded from prisma/schema.prisma.
coupon_backend  | 
coupon_backend  | Γ£פ Generated Prisma Client (v7.4.2) to ./node_modules/@prisma/client in 62ms
coupon_backend  | 
coupon_backend  | Start by importing your Prisma Client (See: https://pris.ly/d/importing-client)
coupon_backend  | 
coupon_backend  | 
coupon_backend  | [dotenv@17.3.1] injecting env (0) from .env -- tip: Γתש∩╕ן  write to custom object with { processEnv: myObject }
coupon_backend  | Loaded Prisma config from prisma.config.js.
coupon_backend  | 
coupon_backend  | Prisma schema loaded from prisma/schema.prisma.
coupon_backend  | Datasource "db": MySQL database "coupon_db" at "db:3306"
coupon_backend  | 
coupon_backend  | The database is already in sync with the Prisma schema.
coupon_backend  | 
coupon_backend  | [dotenv@17.3.1] injecting env (0) from .env -- tip: ≡ƒפנ prevent committing .env to code: https://dotenvx.com/precommit
coupon_backend  | /app/node_modules/@prisma/client/runtime/client.js:66
coupon_backend  | Read more at https://pris.ly/d/client-constructor`),this.name="PrismaClientConstructorValidationError"}get[Symbol.toStringTag](){return"PrismaClientConstructorValidationError"}};ft(R,"PrismaClientConstructorValidationError");var _l=["errorFormat","adapter","accelerateUrl","log","transactionOptions","omit","comments","__internal"],Ll=["pretty","colorless","minimal"],$l=["info","query","warn","error"],Am={adapter:()=>{},accelerateUrl:e=>{if(e!==void 0){if(typeof e!="string")throw new R(`Invalid value ${JSON.stringify(e)} for "accelerateUrl" provided to PrismaClient constructor.`);if(e.trim().length===0)throw new R('"accelerateUrl" provided to PrismaClient constructor must be a non-empty string.')}},errorFormat:e=>{if(e){if(typeof e!="string")throw new R(`Invalid value ${JSON.stringify(e)} for "errorFormat" provided to PrismaClient constructor.`);if(!Ll.includes(e)){let t=Ut(e,Ll);throw new R(`Invalid errorFormat ${e} provided to PrismaClient constructor.${t}`)}}},log:e=>{if(!e)return;if(!Array.isArray(e))throw new R(`Invalid value ${JSON.stringify(e)} for "log" provided to PrismaClient constructor.`);function t(r){if(typeof r=="string"&&!$l.includes(r)){let n=Ut(r,$l);throw new R(`Invalid log level "${r}" provided to PrismaClient constructor.${n}`)}}for(let r of e){t(r);let n={level:t,emit:i=>{let o=["stdout","event"];if(!o.includes(i)){let s=Ut(i,o);throw new R(`Invalid value ${JSON.stringify(i)} for "emit" in logLevel provided to PrismaClient constructor.${s}`)}}};if(r&&typeof r=="object")for(let[i,o]of Object.entries(r))if(n[i])n[i](o);else throw new R(`Invalid property ${i} for "log" provided to PrismaClient constructor`)}},transactionOptions:e=>{if(!e)return;let t=e.maxWait;if(t!=null&&t<=0)throw new R(`Invalid value ${t} for maxWait in "transactionOptions" provided to PrismaClient constructor. maxWait needs to be greater than 0`);let r=e.timeout;if(r!=null&&r<=0)throw new R(`Invalid value ${r} for timeout in "transactionOptions" provided to PrismaClient constructor. timeout needs to be greater than 0`)},omit:(e,t)=>{if(typeof e!="object")throw new R('"omit" option is expected to be an object.');if(e===null)throw new R('"omit" option can not be `null`');let r=[];for(let[n,i]of Object.entries(e)){let o=Rm(n,t.runtimeDataModel);if(!o){r.push({kind:"UnknownModel",modelKey:n});continue}for(let[s,a]of Object.entries(i)){let l=o.fields.find(u=>u.name===s);if(!l){r.push({kind:"UnknownField",modelKey:n,fieldName:s});continue}if(l.relationName){r.push({kind:"RelationInOmit",modelKey:n,fieldName:s});continue}typeof a!="boolean"&&r.push({kind:"InvalidFieldValue",modelKey:n,fieldName:s})}}if(r.length>0)throw new R(km(e,r))},comments:e=>{if(e!==void 0){if(!Array.isArray(e))throw new R(`Invalid value ${JSON.stringify(e)} for "comments" provided to PrismaClient constructor. Expected an array of SQL commenter plugins.`);for(let t=0;t<e.length;t++)if(typeof e[t]!="function")throw new R(`Invalid value at index ${t} for "comments" provided to PrismaClient constructor. Each plugin must be a function.`)}},__internal:e=>{if(!e)return;let t=["debug","engine","configOverride"];if(typeof e!="object")throw new R(`Invalid value ${JSON.stringify(e)} for "__internal" to PrismaClient constructor`);for(let[r]of Object.entries(e))if(!t.includes(r)){let n=Ut(r,t);throw new R(`Invalid property ${JSON.stringify(r)} for "__internal" provided to PrismaClient constructor.${n}`)}}};function vm(e){let t=e.adapter!==void 0,r=e.accelerateUrl!==void 0;if(t&&r)throw new R('The "adapter" and "accelerateUrl" options are mutually exclusive. Please provide only one of them.');if(!t&&!r)throw new R('Using engine type "client" requires either "adapter" or "accelerateUrl" to be provided to PrismaClient constructor.')}function jl(e,t){for(let[r,n]of Object.entries(e)){if(!_l.includes(r)){let i=Ut(r,_l);throw new R(`Unknown property ${r} provided to PrismaClient constructor.${i}`)}Am[r](n,t)}vm(e)}function Ut(e,t){if(t.length===0||typeof e!="string")return"";let r=Cm(e,t);return r?` Did you mean "${r}"?`:""}function Cm(e,t){if(t.length===0)return null;let r=t.map(i=>({value:i,distance:(0,ql.default)(e,i)}));r.sort((i,o)=>i.distance<o.distance?-1:1);let n=r[0];return n.distance<3?n.value:null}function Rm(e,t){return Vl(t.models,e)??Vl(t.types,e)}function Vl(e,t){let r=Object.keys(e).find(n=>ce(n)===t);if(r)return e[r]}function km(e,t){let r=Ue(e);for(let o of t)switch(o.kind){case"UnknownModel":r.arguments.getField(o.modelKey)?.markAsError(),r.addErrorMessage(()=>`Unknown model name: ${o.modelKey}.`);break;case"UnknownField":r.arguments.getDeepField([o.modelKey,o.fieldName])?.markAsError(),r.addErrorMessage(()=>`Model "${o.modelKey}" does not have a field named "${o.fieldName}".`);break;case"RelationInOmit":r.arguments.getDeepField([o.modelKey,o.fieldName])?.markAsError(),r.addErrorMessage(()=>'Relations are already excluded by default and can not be specified in "omit".');break;case"InvalidFieldValue":r.arguments.getDeepFieldValue([o.modelKey,o.fieldName])?.markAsError(),r.addErrorMessage(()=>"Omit field option value must be a boolean.");break}let{message:n,args:i}=ar(r,"colorless");return`Error validating "omit" option:
coupon_backend  |                                                                                                                                                                                                                                                                                                                                                                                                                                                                                                                                                                                                                                                                                                                                                                                                                                                                                                                                                                                                                                                             
coupon_backend  | 
coupon_backend  | PrismaClientConstructorValidationError: Unknown property loadedFromFile provided to PrismaClient constructor.
coupon_backend  | Read more at https://pris.ly/d/client-constructor
coupon_backend  |     at jl (/app/node_modules/@prisma/client/runtime/client.js:66:3832)
coupon_backend  |     at new t (/app/node_modules/@prisma/client/runtime/client.js:70:1241)
coupon_backend  |     at Object.<anonymous> (/app/dist/db.js:9:16)
coupon_backend  |     at Module._compile (node:internal/modules/cjs/loader:1521:14)
coupon_backend  |     at Module._extensions..js (node:internal/modules/cjs/loader:1623:10)
coupon_backend  |     at Module.load (node:internal/modules/cjs/loader:1266:32)
coupon_backend  |     at Module._load (node:internal/modules/cjs/loader:1091:12)
coupon_backend  |     at Module.require (node:internal/modules/cjs/loader:1289:19)
coupon_backend  |     at require (node:internal/modules/helpers:182:18)
coupon_backend  |     at Object.<anonymous> (/app/dist/controllers/productController.js:7:30)
coupon_backend  | 
coupon_backend  | Node.js v20.20.1
coupon_backend  | [dotenv@17.3.1] injecting env (0) from .env -- tip: ≡ƒ¢í∩╕ן auth for agents: https://vestauth.com
coupon_backend  | Loaded Prisma config from prisma.config.js.
coupon_backend  | 
coupon_backend  | Prisma schema loaded from prisma/schema.prisma.
coupon_backend  | 
coupon_backend  | Γ£פ Generated Prisma Client (v7.4.2) to ./node_modules/@prisma/client in 50ms
coupon_backend  | 
coupon_backend  | Start by importing your Prisma Client (See: https://pris.ly/d/importing-client)
coupon_backend  | 
coupon_backend  | 
coupon_backend  | [dotenv@17.3.1] injecting env (0) from .env -- tip: Γתí∩╕ן secrets for agents: https://dotenvx.com/as2
coupon_backend  | Loaded Prisma config from prisma.config.js.
coupon_backend  | 
coupon_backend  | Prisma schema loaded from prisma/schema.prisma.
coupon_backend  | Datasource "db": MySQL database "coupon_db" at "db:3306"
coupon_backend  | 
coupon_backend  | The database is already in sync with the Prisma schema.
coupon_backend  | 
coupon_backend  | [dotenv@17.3.1] injecting env (0) from .env -- tip: Γתש∩╕ן  suppress all logs with { quiet: true }
coupon_backend  | /app/node_modules/@prisma/client/runtime/client.js:66
coupon_backend  | Read more at https://pris.ly/d/client-constructor`),this.name="PrismaClientConstructorValidationError"}get[Symbol.toStringTag](){return"PrismaClientConstructorValidationError"}};ft(R,"PrismaClientConstructorValidationError");var _l=["errorFormat","adapter","accelerateUrl","log","transactionOptions","omit","comments","__internal"],Ll=["pretty","colorless","minimal"],$l=["info","query","warn","error"],Am={adapter:()=>{},accelerateUrl:e=>{if(e!==void 0){if(typeof e!="string")throw new R(`Invalid value ${JSON.stringify(e)} for "accelerateUrl" provided to PrismaClient constructor.`);if(e.trim().length===0)throw new R('"accelerateUrl" provided to PrismaClient constructor must be a non-empty string.')}},errorFormat:e=>{if(e){if(typeof e!="string")throw new R(`Invalid value ${JSON.stringify(e)} for "errorFormat" provided to PrismaClient constructor.`);if(!Ll.includes(e)){let t=Ut(e,Ll);throw new R(`Invalid errorFormat ${e} provided to PrismaClient constructor.${t}`)}}},log:e=>{if(!e)return;if(!Array.isArray(e))throw new R(`Invalid value ${JSON.stringify(e)} for "log" provided to PrismaClient constructor.`);function t(r){if(typeof r=="string"&&!$l.includes(r)){let n=Ut(r,$l);throw new R(`Invalid log level "${r}" provided to PrismaClient constructor.${n}`)}}for(let r of e){t(r);let n={level:t,emit:i=>{let o=["stdout","event"];if(!o.includes(i)){let s=Ut(i,o);throw new R(`Invalid value ${JSON.stringify(i)} for "emit" in logLevel provided to PrismaClient constructor.${s}`)}}};if(r&&typeof r=="object")for(let[i,o]of Object.entries(r))if(n[i])n[i](o);else throw new R(`Invalid property ${i} for "log" provided to PrismaClient constructor`)}},transactionOptions:e=>{if(!e)return;let t=e.maxWait;if(t!=null&&t<=0)throw new R(`Invalid value ${t} for maxWait in "transactionOptions" provided to PrismaClient constructor. maxWait needs to be greater than 0`);let r=e.timeout;if(r!=null&&r<=0)throw new R(`Invalid value ${r} for timeout in "transactionOptions" provided to PrismaClient constructor. timeout needs to be greater than 0`)},omit:(e,t)=>{if(typeof e!="object")throw new R('"omit" option is expected to be an object.');if(e===null)throw new R('"omit" option can not be `null`');let r=[];for(let[n,i]of Object.entries(e)){let o=Rm(n,t.runtimeDataModel);if(!o){r.push({kind:"UnknownModel",modelKey:n});continue}for(let[s,a]of Object.entries(i)){let l=o.fields.find(u=>u.name===s);if(!l){r.push({kind:"UnknownField",modelKey:n,fieldName:s});continue}if(l.relationName){r.push({kind:"RelationInOmit",modelKey:n,fieldName:s});continue}typeof a!="boolean"&&r.push({kind:"InvalidFieldValue",modelKey:n,fieldName:s})}}if(r.length>0)throw new R(km(e,r))},comments:e=>{if(e!==void 0){if(!Array.isArray(e))throw new R(`Invalid value ${JSON.stringify(e)} for "comments" provided to PrismaClient constructor. Expected an array of SQL commenter plugins.`);for(let t=0;t<e.length;t++)if(typeof e[t]!="function")throw new R(`Invalid value at index ${t} for "comments" provided to PrismaClient constructor. Each plugin must be a function.`)}},__internal:e=>{if(!e)return;let t=["debug","engine","configOverride"];if(typeof e!="object")throw new R(`Invalid value ${JSON.stringify(e)} for "__internal" to PrismaClient constructor`);for(let[r]of Object.entries(e))if(!t.includes(r)){let n=Ut(r,t);throw new R(`Invalid property ${JSON.stringify(r)} for "__internal" provided to PrismaClient constructor.${n}`)}}};function vm(e){let t=e.adapter!==void 0,r=e.accelerateUrl!==void 0;if(t&&r)throw new R('The "adapter" and "accelerateUrl" options are mutually exclusive. Please provide only one of them.');if(!t&&!r)throw new R('Using engine type "client" requires either "adapter" or "accelerateUrl" to be provided to PrismaClient constructor.')}function jl(e,t){for(let[r,n]of Object.entries(e)){if(!_l.includes(r)){let i=Ut(r,_l);throw new R(`Unknown property ${r} provided to PrismaClient constructor.${i}`)}Am[r](n,t)}vm(e)}function Ut(e,t){if(t.length===0||typeof e!="string")return"";let r=Cm(e,t);return r?` Did you mean "${r}"?`:""}function Cm(e,t){if(t.length===0)return null;let r=t.map(i=>({value:i,distance:(0,ql.default)(e,i)}));r.sort((i,o)=>i.distance<o.distance?-1:1);let n=r[0];return n.distance<3?n.value:null}function Rm(e,t){return Vl(t.models,e)??Vl(t.types,e)}function Vl(e,t){let r=Object.keys(e).find(n=>ce(n)===t);if(r)return e[r]}function km(e,t){let r=Ue(e);for(let o of t)switch(o.kind){case"UnknownModel":r.arguments.getField(o.modelKey)?.markAsError(),r.addErrorMessage(()=>`Unknown model name: ${o.modelKey}.`);break;case"UnknownField":r.arguments.getDeepField([o.modelKey,o.fieldName])?.markAsError(),r.addErrorMessage(()=>`Model "${o.modelKey}" does not have a field named "${o.fieldName}".`);break;case"RelationInOmit":r.arguments.getDeepField([o.modelKey,o.fieldName])?.markAsError(),r.addErrorMessage(()=>'Relations are already excluded by default and can not be specified in "omit".');break;case"InvalidFieldValue":r.arguments.getDeepFieldValue([o.modelKey,o.fieldName])?.markAsError(),r.addErrorMessage(()=>"Omit field option value must be a boolean.");break}let{message:n,args:i}=ar(r,"colorless");return`Error validating "omit" option:
coupon_backend  |                                                                                                                                                                                                                                                                                                                                                                                                                                                                                                                                                                                                                                                                                                                                                                                                                                                                                                                                                                                                                                                             
coupon_backend  | 
coupon_backend  | PrismaClientConstructorValidationError: Unknown property loadedFromFile provided to PrismaClient constructor.
coupon_backend  | Read more at https://pris.ly/d/client-constructor
coupon_backend  |     at jl (/app/node_modules/@prisma/client/runtime/client.js:66:3832)
coupon_backend  |     at new t (/app/node_modules/@prisma/client/runtime/client.js:70:1241)
coupon_backend  |     at Object.<anonymous> (/app/dist/db.js:9:16)
coupon_backend  |     at Module._compile (node:internal/modules/cjs/loader:1521:14)
coupon_backend  |     at Module._extensions..js (node:internal/modules/cjs/loader:1623:10)
coupon_backend  |     at Module.load (node:internal/modules/cjs/loader:1266:32)
coupon_backend  |     at Module._load (node:internal/modules/cjs/loader:1091:12)
coupon_backend  |     at Module.require (node:internal/modules/cjs/loader:1289:19)
coupon_backend  |     at require (node:internal/modules/helpers:182:18)
coupon_backend  |     at Object.<anonymous> (/app/dist/controllers/productController.js:7:30)
coupon_backend  | 
coupon_backend  | Node.js v20.20.1
coupon_backend  | [dotenv@17.3.1] injecting env (0) from .env -- tip: ≡ƒפנ prevent committing .env to code: https://dotenvx.com/precommit
coupon_backend  | Loaded Prisma config from prisma.config.js.
coupon_backend  | 
coupon_backend  | Prisma schema loaded from prisma/schema.prisma.
coupon_backend  | 
coupon_backend  | Γ£פ Generated Prisma Client (v7.4.2) to ./node_modules/@prisma/client in 52ms
coupon_backend  | 
coupon_backend  | Start by importing your Prisma Client (See: https://pris.ly/d/importing-client)
coupon_backend  | 
coupon_backend  | 
coupon_backend  | [dotenv@17.3.1] injecting env (0) from .env -- tip: Γתש∩╕ן  suppress all logs with { quiet: true }
coupon_backend  | Loaded Prisma config from prisma.config.js.
coupon_backend  | 
coupon_backend  | Prisma schema loaded from prisma/schema.prisma.
coupon_backend  | Datasource "db": MySQL database "coupon_db" at "db:3306"
coupon_backend  | 
coupon_backend  | The database is already in sync with the Prisma schema.
coupon_backend  | 
coupon_backend  | [dotenv@17.3.1] injecting env (0) from .env -- tip: Γתש∩╕ן  specify custom .env file path with { path: '/custom/path/.env' }
coupon_backend  | /app/node_modules/@prisma/client/runtime/client.js:66
coupon_backend  | Read more at https://pris.ly/d/client-constructor`),this.name="PrismaClientConstructorValidationError"}get[Symbol.toStringTag](){return"PrismaClientConstructorValidationError"}};ft(R,"PrismaClientConstructorValidationError");var _l=["errorFormat","adapter","accelerateUrl","log","transactionOptions","omit","comments","__internal"],Ll=["pretty","colorless","minimal"],$l=["info","query","warn","error"],Am={adapter:()=>{},accelerateUrl:e=>{if(e!==void 0){if(typeof e!="string")throw new R(`Invalid value ${JSON.stringify(e)} for "accelerateUrl" provided to PrismaClient constructor.`);if(e.trim().length===0)throw new R('"accelerateUrl" provided to PrismaClient constructor must be a non-empty string.')}},errorFormat:e=>{if(e){if(typeof e!="string")throw new R(`Invalid value ${JSON.stringify(e)} for "errorFormat" provided to PrismaClient constructor.`);if(!Ll.includes(e)){let t=Ut(e,Ll);throw new R(`Invalid errorFormat ${e} provided to PrismaClient constructor.${t}`)}}},log:e=>{if(!e)return;if(!Array.isArray(e))throw new R(`Invalid value ${JSON.stringify(e)} for "log" provided to PrismaClient constructor.`);function t(r){if(typeof r=="string"&&!$l.includes(r)){let n=Ut(r,$l);throw new R(`Invalid log level "${r}" provided to PrismaClient constructor.${n}`)}}for(let r of e){t(r);let n={level:t,emit:i=>{let o=["stdout","event"];if(!o.includes(i)){let s=Ut(i,o);throw new R(`Invalid value ${JSON.stringify(i)} for "emit" in logLevel provided to PrismaClient constructor.${s}`)}}};if(r&&typeof r=="object")for(let[i,o]of Object.entries(r))if(n[i])n[i](o);else throw new R(`Invalid property ${i} for "log" provided to PrismaClient constructor`)}},transactionOptions:e=>{if(!e)return;let t=e.maxWait;if(t!=null&&t<=0)throw new R(`Invalid value ${t} for maxWait in "transactionOptions" provided to PrismaClient constructor. maxWait needs to be greater than 0`);let r=e.timeout;if(r!=null&&r<=0)throw new R(`Invalid value ${r} for timeout in "transactionOptions" provided to PrismaClient constructor. timeout needs to be greater than 0`)},omit:(e,t)=>{if(typeof e!="object")throw new R('"omit" option is expected to be an object.');if(e===null)throw new R('"omit" option can not be `null`');let r=[];for(let[n,i]of Object.entries(e)){let o=Rm(n,t.runtimeDataModel);if(!o){r.push({kind:"UnknownModel",modelKey:n});continue}for(let[s,a]of Object.entries(i)){let l=o.fields.find(u=>u.name===s);if(!l){r.push({kind:"UnknownField",modelKey:n,fieldName:s});continue}if(l.relationName){r.push({kind:"RelationInOmit",modelKey:n,fieldName:s});continue}typeof a!="boolean"&&r.push({kind:"InvalidFieldValue",modelKey:n,fieldName:s})}}if(r.length>0)throw new R(km(e,r))},comments:e=>{if(e!==void 0){if(!Array.isArray(e))throw new R(`Invalid value ${JSON.stringify(e)} for "comments" provided to PrismaClient constructor. Expected an array of SQL commenter plugins.`);for(let t=0;t<e.length;t++)if(typeof e[t]!="function")throw new R(`Invalid value at index ${t} for "comments" provided to PrismaClient constructor. Each plugin must be a function.`)}},__internal:e=>{if(!e)return;let t=["debug","engine","configOverride"];if(typeof e!="object")throw new R(`Invalid value ${JSON.stringify(e)} for "__internal" to PrismaClient constructor`);for(let[r]of Object.entries(e))if(!t.includes(r)){let n=Ut(r,t);throw new R(`Invalid property ${JSON.stringify(r)} for "__internal" provided to PrismaClient constructor.${n}`)}}};function vm(e){let t=e.adapter!==void 0,r=e.accelerateUrl!==void 0;if(t&&r)throw new R('The "adapter" and "accelerateUrl" options are mutually exclusive. Please provide only one of them.');if(!t&&!r)throw new R('Using engine type "client" requires either "adapter" or "accelerateUrl" to be provided to PrismaClient constructor.')}function jl(e,t){for(let[r,n]of Object.entries(e)){if(!_l.includes(r)){let i=Ut(r,_l);throw new R(`Unknown property ${r} provided to PrismaClient constructor.${i}`)}Am[r](n,t)}vm(e)}function Ut(e,t){if(t.length===0||typeof e!="string")return"";let r=Cm(e,t);return r?` Did you mean "${r}"?`:""}function Cm(e,t){if(t.length===0)return null;let r=t.map(i=>({value:i,distance:(0,ql.default)(e,i)}));r.sort((i,o)=>i.distance<o.distance?-1:1);let n=r[0];return n.distance<3?n.value:null}function Rm(e,t){return Vl(t.models,e)??Vl(t.types,e)}function Vl(e,t){let r=Object.keys(e).find(n=>ce(n)===t);if(r)return e[r]}function km(e,t){let r=Ue(e);for(let o of t)switch(o.kind){case"UnknownModel":r.arguments.getField(o.modelKey)?.markAsError(),r.addErrorMessage(()=>`Unknown model name: ${o.modelKey}.`);break;case"UnknownField":r.arguments.getDeepField([o.modelKey,o.fieldName])?.markAsError(),r.addErrorMessage(()=>`Model "${o.modelKey}" does not have a field named "${o.fieldName}".`);break;case"RelationInOmit":r.arguments.getDeepField([o.modelKey,o.fieldName])?.markAsError(),r.addErrorMessage(()=>'Relations are already excluded by default and can not be specified in "omit".');break;case"InvalidFieldValue":r.arguments.getDeepFieldValue([o.modelKey,o.fieldName])?.markAsError(),r.addErrorMessage(()=>"Omit field option value must be a boolean.");break}let{message:n,args:i}=ar(r,"colorless");return`Error validating "omit" option:
coupon_backend  |                                                                                                                                                                                                                                                                                                                                                                                                                                                                                                                                                                                                                                                                                                                                                                                                                                                                                                                                                                                                                                                             
coupon_backend  | 
coupon_backend  | PrismaClientConstructorValidationError: Unknown property loadedFromFile provided to PrismaClient constructor.
coupon_backend  | Read more at https://pris.ly/d/client-constructor
coupon_backend  |     at jl (/app/node_modules/@prisma/client/runtime/client.js:66:3832)
coupon_backend  |     at new t (/app/node_modules/@prisma/client/runtime/client.js:70:1241)
coupon_backend  |     at Object.<anonymous> (/app/dist/db.js:9:16)
coupon_backend  |     at Module._compile (node:internal/modules/cjs/loader:1521:14)
coupon_backend  |     at Module._extensions..js (node:internal/modules/cjs/loader:1623:10)
coupon_backend  |     at Module.load (node:internal/modules/cjs/loader:1266:32)
coupon_backend  |     at Module._load (node:internal/modules/cjs/loader:1091:12)
coupon_backend  |     at Module.require (node:internal/modules/cjs/loader:1289:19)
coupon_backend  |     at require (node:internal/modules/helpers:182:18)
coupon_backend  |     at Object.<anonymous> (/app/dist/controllers/productController.js:7:30)
coupon_backend  | 
coupon_backend  | Node.js v20.20.1
coupon_backend  | [dotenv@17.3.1] injecting env (0) from .env -- tip: ≡ƒפנ prevent building .env in docker: https://dotenvx.com/prebuild
coupon_backend  | Loaded Prisma config from prisma.config.js.
coupon_backend  | 
coupon_backend  | Prisma schema loaded from prisma/schema.prisma.
coupon_backend  | 
coupon_backend  | Γ£פ Generated Prisma Client (v7.4.2) to ./node_modules/@prisma/client in 51ms
coupon_backend  | 
coupon_backend  | Start by importing your Prisma Client (See: https://pris.ly/d/importing-client)
coupon_backend  | 
coupon_backend  | 
coupon_backend  | [dotenv@17.3.1] injecting env (0) from .env -- tip: ≡ƒ¢í∩╕ן auth for agents: https://vestauth.com
coupon_backend  | Loaded Prisma config from prisma.config.js.
coupon_backend  | 
coupon_backend  | Prisma schema loaded from prisma/schema.prisma.
coupon_backend  | Datasource "db": MySQL database "coupon_db" at "db:3306"
coupon_backend  | 
coupon_backend  | The database is already in sync with the Prisma schema.
coupon_backend  | 
coupon_backend  | [dotenv@17.3.1] injecting env (0) from .env -- tip: Γתש∩╕ן  specify custom .env file path with { path: '/custom/path/.env' }
coupon_backend  | /app/node_modules/@prisma/client/runtime/client.js:66
coupon_backend  | Read more at https://pris.ly/d/client-constructor`),this.name="PrismaClientConstructorValidationError"}get[Symbol.toStringTag](){return"PrismaClientConstructorValidationError"}};ft(R,"PrismaClientConstructorValidationError");var _l=["errorFormat","adapter","accelerateUrl","log","transactionOptions","omit","comments","__internal"],Ll=["pretty","colorless","minimal"],$l=["info","query","warn","error"],Am={adapter:()=>{},accelerateUrl:e=>{if(e!==void 0){if(typeof e!="string")throw new R(`Invalid value ${JSON.stringify(e)} for "accelerateUrl" provided to PrismaClient constructor.`);if(e.trim().length===0)throw new R('"accelerateUrl" provided to PrismaClient constructor must be a non-empty string.')}},errorFormat:e=>{if(e){if(typeof e!="string")throw new R(`Invalid value ${JSON.stringify(e)} for "errorFormat" provided to PrismaClient constructor.`);if(!Ll.includes(e)){let t=Ut(e,Ll);throw new R(`Invalid errorFormat ${e} provided to PrismaClient constructor.${t}`)}}},log:e=>{if(!e)return;if(!Array.isArray(e))throw new R(`Invalid value ${JSON.stringify(e)} for "log" provided to PrismaClient constructor.`);function t(r){if(typeof r=="string"&&!$l.includes(r)){let n=Ut(r,$l);throw new R(`Invalid log level "${r}" provided to PrismaClient constructor.${n}`)}}for(let r of e){t(r);let n={level:t,emit:i=>{let o=["stdout","event"];if(!o.includes(i)){let s=Ut(i,o);throw new R(`Invalid value ${JSON.stringify(i)} for "emit" in logLevel provided to PrismaClient constructor.${s}`)}}};if(r&&typeof r=="object")for(let[i,o]of Object.entries(r))if(n[i])n[i](o);else throw new R(`Invalid property ${i} for "log" provided to PrismaClient constructor`)}},transactionOptions:e=>{if(!e)return;let t=e.maxWait;if(t!=null&&t<=0)throw new R(`Invalid value ${t} for maxWait in "transactionOptions" provided to PrismaClient constructor. maxWait needs to be greater than 0`);let r=e.timeout;if(r!=null&&r<=0)throw new R(`Invalid value ${r} for timeout in "transactionOptions" provided to PrismaClient constructor. timeout needs to be greater than 0`)},omit:(e,t)=>{if(typeof e!="object")throw new R('"omit" option is expected to be an object.');if(e===null)throw new R('"omit" option can not be `null`');let r=[];for(let[n,i]of Object.entries(e)){let o=Rm(n,t.runtimeDataModel);if(!o){r.push({kind:"UnknownModel",modelKey:n});continue}for(let[s,a]of Object.entries(i)){let l=o.fields.find(u=>u.name===s);if(!l){r.push({kind:"UnknownField",modelKey:n,fieldName:s});continue}if(l.relationName){r.push({kind:"RelationInOmit",modelKey:n,fieldName:s});continue}typeof a!="boolean"&&r.push({kind:"InvalidFieldValue",modelKey:n,fieldName:s})}}if(r.length>0)throw new R(km(e,r))},comments:e=>{if(e!==void 0){if(!Array.isArray(e))throw new R(`Invalid value ${JSON.stringify(e)} for "comments" provided to PrismaClient constructor. Expected an array of SQL commenter plugins.`);for(let t=0;t<e.length;t++)if(typeof e[t]!="function")throw new R(`Invalid value at index ${t} for "comments" provided to PrismaClient constructor. Each plugin must be a function.`)}},__internal:e=>{if(!e)return;let t=["debug","engine","configOverride"];if(typeof e!="object")throw new R(`Invalid value ${JSON.stringify(e)} for "__internal" to PrismaClient constructor`);for(let[r]of Object.entries(e))if(!t.includes(r)){let n=Ut(r,t);throw new R(`Invalid property ${JSON.stringify(r)} for "__internal" provided to PrismaClient constructor.${n}`)}}};function vm(e){let t=e.adapter!==void 0,r=e.accelerateUrl!==void 0;if(t&&r)throw new R('The "adapter" and "accelerateUrl" options are mutually exclusive. Please provide only one of them.');if(!t&&!r)throw new R('Using engine type "client" requires either "adapter" or "accelerateUrl" to be provided to PrismaClient constructor.')}function jl(e,t){for(let[r,n]of Object.entries(e)){if(!_l.includes(r)){let i=Ut(r,_l);throw new R(`Unknown property ${r} provided to PrismaClient constructor.${i}`)}Am[r](n,t)}vm(e)}function Ut(e,t){if(t.length===0||typeof e!="string")return"";let r=Cm(e,t);return r?` Did you mean "${r}"?`:""}function Cm(e,t){if(t.length===0)return null;let r=t.map(i=>({value:i,distance:(0,ql.default)(e,i)}));r.sort((i,o)=>i.distance<o.distance?-1:1);let n=r[0];return n.distance<3?n.value:null}function Rm(e,t){return Vl(t.models,e)??Vl(t.types,e)}function Vl(e,t){let r=Object.keys(e).find(n=>ce(n)===t);if(r)return e[r]}function km(e,t){let r=Ue(e);for(let o of t)switch(o.kind){case"UnknownModel":r.arguments.getField(o.modelKey)?.markAsError(),r.addErrorMessage(()=>`Unknown model name: ${o.modelKey}.`);break;case"UnknownField":r.arguments.getDeepField([o.modelKey,o.fieldName])?.markAsError(),r.addErrorMessage(()=>`Model "${o.modelKey}" does not have a field named "${o.fieldName}".`);break;case"RelationInOmit":r.arguments.getDeepField([o.modelKey,o.fieldName])?.markAsError(),r.addErrorMessage(()=>'Relations are already excluded by default and can not be specified in "omit".');break;case"InvalidFieldValue":r.arguments.getDeepFieldValue([o.modelKey,o.fieldName])?.markAsError(),r.addErrorMessage(()=>"Omit field option value must be a boolean.");break}let{message:n,args:i}=ar(r,"colorless");return`Error validating "omit" option:
coupon_backend  |                                                                                                                                                                                                                                                                                                                                                                                                                                                                                                                                                                                                                                                                                                                                                                                                                                                                                                                                                                                                                                                             
coupon_backend  | 
coupon_backend  | PrismaClientConstructorValidationError: Unknown property loadedFromFile provided to PrismaClient constructor.
coupon_backend  | Read more at https://pris.ly/d/client-constructor
coupon_backend  |     at jl (/app/node_modules/@prisma/client/runtime/client.js:66:3832)
coupon_backend  |     at new t (/app/node_modules/@prisma/client/runtime/client.js:70:1241)
coupon_backend  |     at Object.<anonymous> (/app/dist/db.js:9:16)
coupon_backend  |     at Module._compile (node:internal/modules/cjs/loader:1521:14)
coupon_backend  |     at Module._extensions..js (node:internal/modules/cjs/loader:1623:10)
coupon_backend  |     at Module.load (node:internal/modules/cjs/loader:1266:32)
coupon_backend  |     at Module._load (node:internal/modules/cjs/loader:1091:12)
coupon_backend  |     at Module.require (node:internal/modules/cjs/loader:1289:19)
coupon_backend  |     at require (node:internal/modules/helpers:182:18)
coupon_backend  |     at Object.<anonymous> (/app/dist/controllers/productController.js:7:30)
coupon_backend  | 
coupon_backend  | Node.js v20.20.1
coupon_backend  | [dotenv@17.3.1] injecting env (0) from .env -- tip: Γתש∩╕ן  override existing env vars with { override: true }
coupon_backend  | Loaded Prisma config from prisma.config.js.
coupon_backend  | 
coupon_backend  | Prisma schema loaded from prisma/schema.prisma.
coupon_backend  | 
coupon_backend  | Γ£פ Generated Prisma Client (v7.4.2) to ./node_modules/@prisma/client in 63ms
coupon_backend  | 
coupon_backend  | Start by importing your Prisma Client (See: https://pris.ly/d/importing-client)
coupon_backend  | 
coupon_backend  | 
coupon_backend  | [dotenv@17.3.1] injecting env (0) from .env -- tip: ≡ƒפנ encrypt with Dotenvx: https://dotenvx.com
coupon_backend  | Loaded Prisma config from prisma.config.js.
coupon_backend  | 
coupon_backend  | Prisma schema loaded from prisma/schema.prisma.
coupon_backend  | Datasource "db": MySQL database "coupon_db" at "db:3306"
coupon_backend  | 
coupon_backend  | The database is already in sync with the Prisma schema.
coupon_backend  | 
coupon_backend  | [dotenv@17.3.1] injecting env (0) from .env -- tip: Γתש∩╕ן  enable debug logging with { debug: true }
coupon_backend  | /app/node_modules/@prisma/client/runtime/client.js:66
coupon_backend  | Read more at https://pris.ly/d/client-constructor`),this.name="PrismaClientConstructorValidationError"}get[Symbol.toStringTag](){return"PrismaClientConstructorValidationError"}};ft(R,"PrismaClientConstructorValidationError");var _l=["errorFormat","adapter","accelerateUrl","log","transactionOptions","omit","comments","__internal"],Ll=["pretty","colorless","minimal"],$l=["info","query","warn","error"],Am={adapter:()=>{},accelerateUrl:e=>{if(e!==void 0){if(typeof e!="string")throw new R(`Invalid value ${JSON.stringify(e)} for "accelerateUrl" provided to PrismaClient constructor.`);if(e.trim().length===0)throw new R('"accelerateUrl" provided to PrismaClient constructor must be a non-empty string.')}},errorFormat:e=>{if(e){if(typeof e!="string")throw new R(`Invalid value ${JSON.stringify(e)} for "errorFormat" provided to PrismaClient constructor.`);if(!Ll.includes(e)){let t=Ut(e,Ll);throw new R(`Invalid errorFormat ${e} provided to PrismaClient constructor.${t}`)}}},log:e=>{if(!e)return;if(!Array.isArray(e))throw new R(`Invalid value ${JSON.stringify(e)} for "log" provided to PrismaClient constructor.`);function t(r){if(typeof r=="string"&&!$l.includes(r)){let n=Ut(r,$l);throw new R(`Invalid log level "${r}" provided to PrismaClient constructor.${n}`)}}for(let r of e){t(r);let n={level:t,emit:i=>{let o=["stdout","event"];if(!o.includes(i)){let s=Ut(i,o);throw new R(`Invalid value ${JSON.stringify(i)} for "emit" in logLevel provided to PrismaClient constructor.${s}`)}}};if(r&&typeof r=="object")for(let[i,o]of Object.entries(r))if(n[i])n[i](o);else throw new R(`Invalid property ${i} for "log" provided to PrismaClient constructor`)}},transactionOptions:e=>{if(!e)return;let t=e.maxWait;if(t!=null&&t<=0)throw new R(`Invalid value ${t} for maxWait in "transactionOptions" provided to PrismaClient constructor. maxWait needs to be greater than 0`);let r=e.timeout;if(r!=null&&r<=0)throw new R(`Invalid value ${r} for timeout in "transactionOptions" provided to PrismaClient constructor. timeout needs to be greater than 0`)},omit:(e,t)=>{if(typeof e!="object")throw new R('"omit" option is expected to be an object.');if(e===null)throw new R('"omit" option can not be `null`');let r=[];for(let[n,i]of Object.entries(e)){let o=Rm(n,t.runtimeDataModel);if(!o){r.push({kind:"UnknownModel",modelKey:n});continue}for(let[s,a]of Object.entries(i)){let l=o.fields.find(u=>u.name===s);if(!l){r.push({kind:"UnknownField",modelKey:n,fieldName:s});continue}if(l.relationName){r.push({kind:"RelationInOmit",modelKey:n,fieldName:s});continue}typeof a!="boolean"&&r.push({kind:"InvalidFieldValue",modelKey:n,fieldName:s})}}if(r.length>0)throw new R(km(e,r))},comments:e=>{if(e!==void 0){if(!Array.isArray(e))throw new R(`Invalid value ${JSON.stringify(e)} for "comments" provided to PrismaClient constructor. Expected an array of SQL commenter plugins.`);for(let t=0;t<e.length;t++)if(typeof e[t]!="function")throw new R(`Invalid value at index ${t} for "comments" provided to PrismaClient constructor. Each plugin must be a function.`)}},__internal:e=>{if(!e)return;let t=["debug","engine","configOverride"];if(typeof e!="object")throw new R(`Invalid value ${JSON.stringify(e)} for "__internal" to PrismaClient constructor`);for(let[r]of Object.entries(e))if(!t.includes(r)){let n=Ut(r,t);throw new R(`Invalid property ${JSON.stringify(r)} for "__internal" provided to PrismaClient constructor.${n}`)}}};function vm(e){let t=e.adapter!==void 0,r=e.accelerateUrl!==void 0;if(t&&r)throw new R('The "adapter" and "accelerateUrl" options are mutually exclusive. Please provide only one of them.');if(!t&&!r)throw new R('Using engine type "client" requires either "adapter" or "accelerateUrl" to be provided to PrismaClient constructor.')}function jl(e,t){for(let[r,n]of Object.entries(e)){if(!_l.includes(r)){let i=Ut(r,_l);throw new R(`Unknown property ${r} provided to PrismaClient constructor.${i}`)}Am[r](n,t)}vm(e)}function Ut(e,t){if(t.length===0||typeof e!="string")return"";let r=Cm(e,t);return r?` Did you mean "${r}"?`:""}function Cm(e,t){if(t.length===0)return null;let r=t.map(i=>({value:i,distance:(0,ql.default)(e,i)}));r.sort((i,o)=>i.distance<o.distance?-1:1);let n=r[0];return n.distance<3?n.value:null}function Rm(e,t){return Vl(t.models,e)??Vl(t.types,e)}function Vl(e,t){let r=Object.keys(e).find(n=>ce(n)===t);if(r)return e[r]}function km(e,t){let r=Ue(e);for(let o of t)switch(o.kind){case"UnknownModel":r.arguments.getField(o.modelKey)?.markAsError(),r.addErrorMessage(()=>`Unknown model name: ${o.modelKey}.`);break;case"UnknownField":r.arguments.getDeepField([o.modelKey,o.fieldName])?.markAsError(),r.addErrorMessage(()=>`Model "${o.modelKey}" does not have a field named "${o.fieldName}".`);break;case"RelationInOmit":r.arguments.getDeepField([o.modelKey,o.fieldName])?.markAsError(),r.addErrorMessage(()=>'Relations are already excluded by default and can not be specified in "omit".');break;case"InvalidFieldValue":r.arguments.getDeepFieldValue([o.modelKey,o.fieldName])?.markAsError(),r.addErrorMessage(()=>"Omit field option value must be a boolean.");break}let{message:n,args:i}=ar(r,"colorless");return`Error validating "omit" option:
coupon_backend  |                                                                                                                                                                                                                                                                                                                                                                                                                                                                                                                                                                                                                                                                                                                                                                                                                                                                                                                                                                                                                                                             
coupon_backend  | 
coupon_backend  | PrismaClientConstructorValidationError: Unknown property loadedFromFile provided to PrismaClient constructor.
coupon_backend  | Read more at https://pris.ly/d/client-constructor
coupon_backend  |     at jl (/app/node_modules/@prisma/client/runtime/client.js:66:3832)
coupon_backend  |     at new t (/app/node_modules/@prisma/client/runtime/client.js:70:1241)
coupon_backend  |     at Object.<anonymous> (/app/dist/db.js:9:16)
coupon_backend  |     at Module._compile (node:internal/modules/cjs/loader:1521:14)
coupon_backend  |     at Module._extensions..js (node:internal/modules/cjs/loader:1623:10)
coupon_backend  |     at Module.load (node:internal/modules/cjs/loader:1266:32)
coupon_backend  |     at Module._load (node:internal/modules/cjs/loader:1091:12)
coupon_backend  |     at Module.require (node:internal/modules/cjs/loader:1289:19)
coupon_backend  |     at require (node:internal/modules/helpers:182:18)
coupon_backend  |     at Object.<anonymous> (/app/dist/controllers/productController.js:7:30)
coupon_backend  | 
coupon_backend  | Node.js v20.20.1
coupon_backend  | [dotenv@17.3.1] injecting env (0) from .env -- tip: ≡ƒפנ prevent committing .env to code: https://dotenvx.com/precommit
coupon_backend  | Loaded Prisma config from prisma.config.js.
coupon_backend  | 
coupon_backend  | Prisma schema loaded from prisma/schema.prisma.
coupon_backend  | 
coupon_backend  | Γ£פ Generated Prisma Client (v7.4.2) to ./node_modules/@prisma/client in 58ms
coupon_backend  | 
coupon_backend  | Start by importing your Prisma Client (See: https://pris.ly/d/importing-client)
coupon_backend  | 
coupon_backend  | 
coupon_backend  | [dotenv@17.3.1] injecting env (0) from .env -- tip: ≡ƒ¢á∩╕ן  run anywhere with `dotenvx run -- yourcommand`
coupon_backend  | Loaded Prisma config from prisma.config.js.
coupon_backend  | 
coupon_backend  | Prisma schema loaded from prisma/schema.prisma.
coupon_backend  | Datasource "db": MySQL database "coupon_db" at "db:3306"
coupon_backend  | 
coupon_backend  | The database is already in sync with the Prisma schema.
coupon_backend  | 
coupon_backend  | [dotenv@17.3.1] injecting env (0) from .env -- tip: ≡ƒ¢í∩╕ן auth for agents: https://vestauth.com
coupon_backend  | /app/node_modules/@prisma/client/runtime/client.js:66
coupon_backend  | Read more at https://pris.ly/d/client-constructor`),this.name="PrismaClientConstructorValidationError"}get[Symbol.toStringTag](){return"PrismaClientConstructorValidationError"}};ft(R,"PrismaClientConstructorValidationError");var _l=["errorFormat","adapter","accelerateUrl","log","transactionOptions","omit","comments","__internal"],Ll=["pretty","colorless","minimal"],$l=["info","query","warn","error"],Am={adapter:()=>{},accelerateUrl:e=>{if(e!==void 0){if(typeof e!="string")throw new R(`Invalid value ${JSON.stringify(e)} for "accelerateUrl" provided to PrismaClient constructor.`);if(e.trim().length===0)throw new R('"accelerateUrl" provided to PrismaClient constructor must be a non-empty string.')}},errorFormat:e=>{if(e){if(typeof e!="string")throw new R(`Invalid value ${JSON.stringify(e)} for "errorFormat" provided to PrismaClient constructor.`);if(!Ll.includes(e)){let t=Ut(e,Ll);throw new R(`Invalid errorFormat ${e} provided to PrismaClient constructor.${t}`)}}},log:e=>{if(!e)return;if(!Array.isArray(e))throw new R(`Invalid value ${JSON.stringify(e)} for "log" provided to PrismaClient constructor.`);function t(r){if(typeof r=="string"&&!$l.includes(r)){let n=Ut(r,$l);throw new R(`Invalid log level "${r}" provided to PrismaClient constructor.${n}`)}}for(let r of e){t(r);let n={level:t,emit:i=>{let o=["stdout","event"];if(!o.includes(i)){let s=Ut(i,o);throw new R(`Invalid value ${JSON.stringify(i)} for "emit" in logLevel provided to PrismaClient constructor.${s}`)}}};if(r&&typeof r=="object")for(let[i,o]of Object.entries(r))if(n[i])n[i](o);else throw new R(`Invalid property ${i} for "log" provided to PrismaClient constructor`)}},transactionOptions:e=>{if(!e)return;let t=e.maxWait;if(t!=null&&t<=0)throw new R(`Invalid value ${t} for maxWait in "transactionOptions" provided to PrismaClient constructor. maxWait needs to be greater than 0`);let r=e.timeout;if(r!=null&&r<=0)throw new R(`Invalid value ${r} for timeout in "transactionOptions" provided to PrismaClient constructor. timeout needs to be greater than 0`)},omit:(e,t)=>{if(typeof e!="object")throw new R('"omit" option is expected to be an object.');if(e===null)throw new R('"omit" option can not be `null`');let r=[];for(let[n,i]of Object.entries(e)){let o=Rm(n,t.runtimeDataModel);if(!o){r.push({kind:"UnknownModel",modelKey:n});continue}for(let[s,a]of Object.entries(i)){let l=o.fields.find(u=>u.name===s);if(!l){r.push({kind:"UnknownField",modelKey:n,fieldName:s});continue}if(l.relationName){r.push({kind:"RelationInOmit",modelKey:n,fieldName:s});continue}typeof a!="boolean"&&r.push({kind:"InvalidFieldValue",modelKey:n,fieldName:s})}}if(r.length>0)throw new R(km(e,r))},comments:e=>{if(e!==void 0){if(!Array.isArray(e))throw new R(`Invalid value ${JSON.stringify(e)} for "comments" provided to PrismaClient constructor. Expected an array of SQL commenter plugins.`);for(let t=0;t<e.length;t++)if(typeof e[t]!="function")throw new R(`Invalid value at index ${t} for "comments" provided to PrismaClient constructor. Each plugin must be a function.`)}},__internal:e=>{if(!e)return;let t=["debug","engine","configOverride"];if(typeof e!="object")throw new R(`Invalid value ${JSON.stringify(e)} for "__internal" to PrismaClient constructor`);for(let[r]of Object.entries(e))if(!t.includes(r)){let n=Ut(r,t);throw new R(`Invalid property ${JSON.stringify(r)} for "__internal" provided to PrismaClient constructor.${n}`)}}};function vm(e){let t=e.adapter!==void 0,r=e.accelerateUrl!==void 0;if(t&&r)throw new R('The "adapter" and "accelerateUrl" options are mutually exclusive. Please provide only one of them.');if(!t&&!r)throw new R('Using engine type "client" requires either "adapter" or "accelerateUrl" to be provided to PrismaClient constructor.')}function jl(e,t){for(let[r,n]of Object.entries(e)){if(!_l.includes(r)){let i=Ut(r,_l);throw new R(`Unknown property ${r} provided to PrismaClient constructor.${i}`)}Am[r](n,t)}vm(e)}function Ut(e,t){if(t.length===0||typeof e!="string")return"";let r=Cm(e,t);return r?` Did you mean "${r}"?`:""}function Cm(e,t){if(t.length===0)return null;let r=t.map(i=>({value:i,distance:(0,ql.default)(e,i)}));r.sort((i,o)=>i.distance<o.distance?-1:1);let n=r[0];return n.distance<3?n.value:null}function Rm(e,t){return Vl(t.models,e)??Vl(t.types,e)}function Vl(e,t){let r=Object.keys(e).find(n=>ce(n)===t);if(r)return e[r]}function km(e,t){let r=Ue(e);for(let o of t)switch(o.kind){case"UnknownModel":r.arguments.getField(o.modelKey)?.markAsError(),r.addErrorMessage(()=>`Unknown model name: ${o.modelKey}.`);break;case"UnknownField":r.arguments.getDeepField([o.modelKey,o.fieldName])?.markAsError(),r.addErrorMessage(()=>`Model "${o.modelKey}" does not have a field named "${o.fieldName}".`);break;case"RelationInOmit":r.arguments.getDeepField([o.modelKey,o.fieldName])?.markAsError(),r.addErrorMessage(()=>'Relations are already excluded by default and can not be specified in "omit".');break;case"InvalidFieldValue":r.arguments.getDeepFieldValue([o.modelKey,o.fieldName])?.markAsError(),r.addErrorMessage(()=>"Omit field option value must be a boolean.");break}let{message:n,args:i}=ar(r,"colorless");return`Error validating "omit" option:
coupon_backend  |                                                                                                                                                                                                                                                                                                                                                                                                                                                                                                                                                                                                                                                                                                                                                                                                                                                                                                                                                                                                                                                             
coupon_backend  | 
coupon_backend  | PrismaClientConstructorValidationError: Unknown property loadedFromFile provided to PrismaClient constructor.
coupon_backend  | Read more at https://pris.ly/d/client-constructor
coupon_backend  |     at jl (/app/node_modules/@prisma/client/runtime/client.js:66:3832)
coupon_backend  |     at new t (/app/node_modules/@prisma/client/runtime/client.js:70:1241)
coupon_backend  |     at Object.<anonymous> (/app/dist/db.js:9:16)
coupon_backend  |     at Module._compile (node:internal/modules/cjs/loader:1521:14)
coupon_backend  |     at Module._extensions..js (node:internal/modules/cjs/loader:1623:10)
coupon_backend  |     at Module.load (node:internal/modules/cjs/loader:1266:32)
coupon_backend  |     at Module._load (node:internal/modules/cjs/loader:1091:12)
coupon_backend  |     at Module.require (node:internal/modules/cjs/loader:1289:19)
coupon_backend  |     at require (node:internal/modules/helpers:182:18)
coupon_backend  |     at Object.<anonymous> (/app/dist/controllers/productController.js:7:30)
coupon_backend  | 
coupon_backend  | Node.js v20.20.1
coupon_backend  | [dotenv@17.3.1] injecting env (0) from .env -- tip: ≡ƒפנ prevent committing .env to code: https://dotenvx.com/precommit
coupon_backend  | Loaded Prisma config from prisma.config.js.
coupon_backend  | 
coupon_backend  | Prisma schema loaded from prisma/schema.prisma.
coupon_backend  | 
coupon_backend  | Γ£פ Generated Prisma Client (v7.4.2) to ./node_modules/@prisma/client in 54ms
coupon_backend  | 
coupon_backend  | Start by importing your Prisma Client (See: https://pris.ly/d/importing-client)
coupon_backend  | 
coupon_backend  | 
coupon_backend  | [dotenv@17.3.1] injecting env (0) from .env -- tip: ≡ƒפנ encrypt with Dotenvx: https://dotenvx.com
coupon_backend  | Loaded Prisma config from prisma.config.js.
coupon_backend  | 
coupon_backend  | Prisma schema loaded from prisma/schema.prisma.
coupon_backend  | Datasource "db": MySQL database "coupon_db" at "db:3306"
coupon_backend  | 
coupon_backend  | The database is already in sync with the Prisma schema.
coupon_backend  | 
coupon_backend  | [dotenv@17.3.1] injecting env (0) from .env -- tip: Γתש∩╕ן  write to custom object with { processEnv: myObject }
coupon_backend  | /app/node_modules/@prisma/client/runtime/client.js:66
coupon_backend  | Read more at https://pris.ly/d/client-constructor`),this.name="PrismaClientConstructorValidationError"}get[Symbol.toStringTag](){return"PrismaClientConstructorValidationError"}};ft(R,"PrismaClientConstructorValidationError");var _l=["errorFormat","adapter","accelerateUrl","log","transactionOptions","omit","comments","__internal"],Ll=["pretty","colorless","minimal"],$l=["info","query","warn","error"],Am={adapter:()=>{},accelerateUrl:e=>{if(e!==void 0){if(typeof e!="string")throw new R(`Invalid value ${JSON.stringify(e)} for "accelerateUrl" provided to PrismaClient constructor.`);if(e.trim().length===0)throw new R('"accelerateUrl" provided to PrismaClient constructor must be a non-empty string.')}},errorFormat:e=>{if(e){if(typeof e!="string")throw new R(`Invalid value ${JSON.stringify(e)} for "errorFormat" provided to PrismaClient constructor.`);if(!Ll.includes(e)){let t=Ut(e,Ll);throw new R(`Invalid errorFormat ${e} provided to PrismaClient constructor.${t}`)}}},log:e=>{if(!e)return;if(!Array.isArray(e))throw new R(`Invalid value ${JSON.stringify(e)} for "log" provided to PrismaClient constructor.`);function t(r){if(typeof r=="string"&&!$l.includes(r)){let n=Ut(r,$l);throw new R(`Invalid log level "${r}" provided to PrismaClient constructor.${n}`)}}for(let r of e){t(r);let n={level:t,emit:i=>{let o=["stdout","event"];if(!o.includes(i)){let s=Ut(i,o);throw new R(`Invalid value ${JSON.stringify(i)} for "emit" in logLevel provided to PrismaClient constructor.${s}`)}}};if(r&&typeof r=="object")for(let[i,o]of Object.entries(r))if(n[i])n[i](o);else throw new R(`Invalid property ${i} for "log" provided to PrismaClient constructor`)}},transactionOptions:e=>{if(!e)return;let t=e.maxWait;if(t!=null&&t<=0)throw new R(`Invalid value ${t} for maxWait in "transactionOptions" provided to PrismaClient constructor. maxWait needs to be greater than 0`);let r=e.timeout;if(r!=null&&r<=0)throw new R(`Invalid value ${r} for timeout in "transactionOptions" provided to PrismaClient constructor. timeout needs to be greater than 0`)},omit:(e,t)=>{if(typeof e!="object")throw new R('"omit" option is expected to be an object.');if(e===null)throw new R('"omit" option can not be `null`');let r=[];for(let[n,i]of Object.entries(e)){let o=Rm(n,t.runtimeDataModel);if(!o){r.push({kind:"UnknownModel",modelKey:n});continue}for(let[s,a]of Object.entries(i)){let l=o.fields.find(u=>u.name===s);if(!l){r.push({kind:"UnknownField",modelKey:n,fieldName:s});continue}if(l.relationName){r.push({kind:"RelationInOmit",modelKey:n,fieldName:s});continue}typeof a!="boolean"&&r.push({kind:"InvalidFieldValue",modelKey:n,fieldName:s})}}if(r.length>0)throw new R(km(e,r))},comments:e=>{if(e!==void 0){if(!Array.isArray(e))throw new R(`Invalid value ${JSON.stringify(e)} for "comments" provided to PrismaClient constructor. Expected an array of SQL commenter plugins.`);for(let t=0;t<e.length;t++)if(typeof e[t]!="function")throw new R(`Invalid value at index ${t} for "comments" provided to PrismaClient constructor. Each plugin must be a function.`)}},__internal:e=>{if(!e)return;let t=["debug","engine","configOverride"];if(typeof e!="object")throw new R(`Invalid value ${JSON.stringify(e)} for "__internal" to PrismaClient constructor`);for(let[r]of Object.entries(e))if(!t.includes(r)){let n=Ut(r,t);throw new R(`Invalid property ${JSON.stringify(r)} for "__internal" provided to PrismaClient constructor.${n}`)}}};function vm(e){let t=e.adapter!==void 0,r=e.accelerateUrl!==void 0;if(t&&r)throw new R('The "adapter" and "accelerateUrl" options are mutually exclusive. Please provide only one of them.');if(!t&&!r)throw new R('Using engine type "client" requires either "adapter" or "accelerateUrl" to be provided to PrismaClient constructor.')}function jl(e,t){for(let[r,n]of Object.entries(e)){if(!_l.includes(r)){let i=Ut(r,_l);throw new R(`Unknown property ${r} provided to PrismaClient constructor.${i}`)}Am[r](n,t)}vm(e)}function Ut(e,t){if(t.length===0||typeof e!="string")return"";let r=Cm(e,t);return r?` Did you mean "${r}"?`:""}function Cm(e,t){if(t.length===0)return null;let r=t.map(i=>({value:i,distance:(0,ql.default)(e,i)}));r.sort((i,o)=>i.distance<o.distance?-1:1);let n=r[0];return n.distance<3?n.value:null}function Rm(e,t){return Vl(t.models,e)??Vl(t.types,e)}function Vl(e,t){let r=Object.keys(e).find(n=>ce(n)===t);if(r)return e[r]}function km(e,t){let r=Ue(e);for(let o of t)switch(o.kind){case"UnknownModel":r.arguments.getField(o.modelKey)?.markAsError(),r.addErrorMessage(()=>`Unknown model name: ${o.modelKey}.`);break;case"UnknownField":r.arguments.getDeepField([o.modelKey,o.fieldName])?.markAsError(),r.addErrorMessage(()=>`Model "${o.modelKey}" does not have a field named "${o.fieldName}".`);break;case"RelationInOmit":r.arguments.getDeepField([o.modelKey,o.fieldName])?.markAsError(),r.addErrorMessage(()=>'Relations are already excluded by default and can not be specified in "omit".');break;case"InvalidFieldValue":r.arguments.getDeepFieldValue([o.modelKey,o.fieldName])?.markAsError(),r.addErrorMessage(()=>"Omit field option value must be a boolean.");break}let{message:n,args:i}=ar(r,"colorless");return`Error validating "omit" option:
coupon_backend  |                                                                                                                                                                                                                                                                                                                                                                                                                                                                                                                                                                                                                                                                                                                                                                                                                                                                                                                                                                                                                                                             
coupon_backend  | 
coupon_backend  | PrismaClientConstructorValidationError: Unknown property loadedFromFile provided to PrismaClient constructor.
coupon_backend  | Read more at https://pris.ly/d/client-constructor
coupon_backend  |     at jl (/app/node_modules/@prisma/client/runtime/client.js:66:3832)
coupon_backend  |     at new t (/app/node_modules/@prisma/client/runtime/client.js:70:1241)
coupon_backend  |     at Object.<anonymous> (/app/dist/db.js:9:16)
coupon_backend  |     at Module._compile (node:internal/modules/cjs/loader:1521:14)
coupon_backend  |     at Module._extensions..js (node:internal/modules/cjs/loader:1623:10)
coupon_backend  |     at Module.load (node:internal/modules/cjs/loader:1266:32)
coupon_backend  |     at Module._load (node:internal/modules/cjs/loader:1091:12)
coupon_backend  |     at Module.require (node:internal/modules/cjs/loader:1289:19)
coupon_backend  |     at require (node:internal/modules/helpers:182:18)
coupon_backend  |     at Object.<anonymous> (/app/dist/controllers/productController.js:7:30)
coupon_backend  | 
coupon_backend  | Node.js v20.20.1
